App/build/intermediates/manifest_merge_blame_file/release/manifest-merger-blame-release-report.txt
1<?xml version="1.0" encoding="utf-8"?>
2<manifest xmlns:android="http://schemas.android.com/apk/res/android"
3    package="com.cypress.cysmart"
4    android:versionCode="39"
5    android:versionName="1.3.0.0" >
6
7    <uses-sdk
8        android:minSdkVersion="23"
8-->qianrushi\CySmart_Android_1.3.0.139_Source_Code\AndroidManifest.xml
9        android:targetSdkVersion="29" />
9-->qianrushi\CySmart_Android_1.3.0.139_Source_Code\AndroidManifest.xml
10
11    <!--
12    Declare this required feature if you want to make the app available to BLE-capable
13    devices only.  If you want to make your app available to devices that don't support BLE,
14    you should omit this in the manifest.  Instead, determine BLE capability by using
15    PackageManager.hasSystemFeature(FEATURE_BLUETOOTH_LE)
16    -->
17    <uses-feature
17-->qianrushi\CySmart_Android_1.3.0.139_Source_Code\AndroidManifest.xml:13:5-15:35
18        android:name="android.hardware.bluetooth_le"
18-->qianrushi\CySmart_Android_1.3.0.139_Source_Code\AndroidManifest.xml:14:9-53
19        android:required="true" />
19-->qianrushi\CySmart_Android_1.3.0.139_Source_Code\AndroidManifest.xml:15:9-32
20
21    <uses-permission android:name="android.permission.BLUETOOTH" />
21-->qianrushi\CySmart_Android_1.3.0.139_Source_Code\AndroidManifest.xml:17:5-68
21-->qianrushi\CySmart_Android_1.3.0.139_Source_Code\AndroidManifest.xml:17:22-65
22    <uses-permission android:name="android.permission.BLUETOOTH_ADMIN" />
22-->qianrushi\CySmart_Android_1.3.0.139_Source_Code\AndroidManifest.xml:18:5-74
22-->qianrushi\CySmart_Android_1.3.0.139_Source_Code\AndroidManifest.xml:18:22-71
23    <uses-permission android:name="android.permission.WRITE_EXTERNAL_STORAGE" />
23-->qianrushi\CySmart_Android_1.3.0.139_Source_Code\AndroidManifest.xml:19:5-81
23-->qianrushi\CySmart_Android_1.3.0.139_Source_Code\AndroidManifest.xml:19:22-78
24    <uses-permission android:name="android.permission.READ_EXTERNAL_STORAGE" />
24-->qianrushi\CySmart_Android_1.3.0.139_Source_Code\AndroidManifest.xml:20:5-80
24-->qianrushi\CySmart_Android_1.3.0.139_Source_Code\AndroidManifest.xml:20:22-77
25    <uses-permission android:name="android.permission.INTERNET" />
25-->qianrushi\CySmart_Android_1.3.0.139_Source_Code\AndroidManifest.xml:21:5-67
25-->qianrushi\CySmart_Android_1.3.0.139_Source_Code\AndroidManifest.xml:21:22-64
26    <uses-permission android:name="android.permission.ACCESS_NETWORK_STATE" />
26-->qianrushi\CySmart_Android_1.3.0.139_Source_Code\AndroidManifest.xml:22:5-79
26-->qianrushi\CySmart_Android_1.3.0.139_Source_Code\AndroidManifest.xml:22:22-76
27    <uses-permission android:name="android.permission.ACCESS_FINE_LOCATION" />
27-->qianrushi\CySmart_Android_1.3.0.139_Source_Code\AndroidManifest.xml:23:5-79
27-->qianrushi\CySmart_Android_1.3.0.139_Source_Code\AndroidManifest.xml:23:22-76
28    <uses-permission android:name="android.permission.ACCESS_BACKGROUND_LOCATION" />
28-->qianrushi\CySmart_Android_1.3.0.139_Source_Code\AndroidManifest.xml:24:5-85
28-->qianrushi\CySmart_Android_1.3.0.139_Source_Code\AndroidManifest.xml:24:22-82
29    <!--
30    Apps that target Android 10 (API level 29) can still request the requestLegacyExternalStorage attribute.
31    After you update your app to target Android 11, the system ignores the requestLegacyExternalStorage flag.
32    -->
33    <application
33-->qianrushi\CySmart_Android_1.3.0.139_Source_Code\AndroidManifest.xml:30:5-186:19
34        android:name="com.cypress.cysmart.CySmartApplication"
34-->qianrushi\CySmart_Android_1.3.0.139_Source_Code\AndroidManifest.xml:31:9-62
35        android:allowBackup="true"
35-->qianrushi\CySmart_Android_1.3.0.139_Source_Code\AndroidManifest.xml:32:9-35
36        android:appComponentFactory="androidx.core.app.CoreComponentFactory"
36-->[androidx.core:core:1.1.0] AndroidManifest.xml:24:18-86
37        android:enabled="true"
37-->qianrushi\CySmart_Android_1.3.0.139_Source_Code\AndroidManifest.xml:33:9-31
38        android:extractNativeLibs="false"
39        android:icon="@drawable/appicon"
39-->qianrushi\CySmart_Android_1.3.0.139_Source_Code\AndroidManifest.xml:34:9-41
40        android:label="@string/app_name"
40-->qianrushi\CySmart_Android_1.3.0.139_Source_Code\AndroidManifest.xml:35:9-41
41        android:requestLegacyExternalStorage="true"
41-->qianrushi\CySmart_Android_1.3.0.139_Source_Code\AndroidManifest.xml:36:9-52
42        android:supportsRtl="true"
42-->qianrushi\CySmart_Android_1.3.0.139_Source_Code\AndroidManifest.xml:37:9-35
43        android:theme="@style/AppTheme"
43-->qianrushi\CySmart_Android_1.3.0.139_Source_Code\AndroidManifest.xml:39:9-40
44        android:usesCleartextTraffic="true" >
44-->qianrushi\CySmart_Android_1.3.0.139_Source_Code\AndroidManifest.xml:38:9-44
45        <service
45-->qianrushi\CySmart_Android_1.3.0.139_Source_Code\AndroidManifest.xml:43:9-45:38
46            android:name="com.cypress.cysmart.BLEConnectionServices.BluetoothLeService"
46-->qianrushi\CySmart_Android_1.3.0.139_Source_Code\AndroidManifest.xml:44:13-88
47            android:enabled="true" />
47-->qianrushi\CySmart_Android_1.3.0.139_Source_Code\AndroidManifest.xml:45:13-35
48
49        <receiver
49-->qianrushi\CySmart_Android_1.3.0.139_Source_Code\AndroidManifest.xml:47:9-54:20
50            android:name="com.cypress.cysmart.OTAFirmwareUpdate.OTAResponseReceiver_v0"
50-->qianrushi\CySmart_Android_1.3.0.139_Source_Code\AndroidManifest.xml:48:13-69
51            android:enabled="true"
51-->qianrushi\CySmart_Android_1.3.0.139_Source_Code\AndroidManifest.xml:49:13-35
52            android:exported="false" >
52-->qianrushi\CySmart_Android_1.3.0.139_Source_Code\AndroidManifest.xml:50:13-37
53            <intent-filter>
53-->qianrushi\CySmart_Android_1.3.0.139_Source_Code\AndroidManifest.xml:51:13-53:29
54                <action android:name="com.cysmart.bluetooth.le.ACTION_OTA_DATA_AVAILABLE" />
54-->qianrushi\CySmart_Android_1.3.0.139_Source_Code\AndroidManifest.xml:52:17-93
54-->qianrushi\CySmart_Android_1.3.0.139_Source_Code\AndroidManifest.xml:52:25-90
55            </intent-filter>
56        </receiver>
57        <receiver
57-->qianrushi\CySmart_Android_1.3.0.139_Source_Code\AndroidManifest.xml:55:9-62:20
58            android:name="com.cypress.cysmart.OTAFirmwareUpdate.OTAResponseReceiver_v1"
58-->qianrushi\CySmart_Android_1.3.0.139_Source_Code\AndroidManifest.xml:56:13-69
59            android:enabled="true"
59-->qianrushi\CySmart_Android_1.3.0.139_Source_Code\AndroidManifest.xml:57:13-35
60            android:exported="false" >
60-->qianrushi\CySmart_Android_1.3.0.139_Source_Code\AndroidManifest.xml:58:13-37
61            <intent-filter>
61-->qianrushi\CySmart_Android_1.3.0.139_Source_Code\AndroidManifest.xml:59:13-61:29
62                <action android:name="com.cysmart.bluetooth.le.ACTION_OTA_DATA_AVAILABLE_V1" />
62-->qianrushi\CySmart_Android_1.3.0.139_Source_Code\AndroidManifest.xml:60:17-96
62-->qianrushi\CySmart_Android_1.3.0.139_Source_Code\AndroidManifest.xml:60:25-93
63            </intent-filter>
64        </receiver>
65        <receiver
65-->qianrushi\CySmart_Android_1.3.0.139_Source_Code\AndroidManifest.xml:63:9-70:20
66            android:name="com.cypress.cysmart.BLEStatusReceiver"
66-->qianrushi\CySmart_Android_1.3.0.139_Source_Code\AndroidManifest.xml:64:13-46
67            android:enabled="true"
67-->qianrushi\CySmart_Android_1.3.0.139_Source_Code\AndroidManifest.xml:65:13-35
68            android:exported="false" >
68-->qianrushi\CySmart_Android_1.3.0.139_Source_Code\AndroidManifest.xml:66:13-37
69            <intent-filter>
69-->qianrushi\CySmart_Android_1.3.0.139_Source_Code\AndroidManifest.xml:67:13-69:29
70                <action android:name="com.example.bluetooth.le.ACTION_GATT_DISCONNECTED" />
70-->qianrushi\CySmart_Android_1.3.0.139_Source_Code\AndroidManifest.xml:68:17-92
70-->qianrushi\CySmart_Android_1.3.0.139_Source_Code\AndroidManifest.xml:68:25-89
71            </intent-filter>
72        </receiver>
73
74        <activity
74-->qianrushi\CySmart_Android_1.3.0.139_Source_Code\AndroidManifest.xml:72:9-83:20
75            android:name="com.cypress.cysmart.SplashPageActivity"
75-->qianrushi\CySmart_Android_1.3.0.139_Source_Code\AndroidManifest.xml:73:13-66
76            android:configChanges="orientation|screenSize"
76-->qianrushi\CySmart_Android_1.3.0.139_Source_Code\AndroidManifest.xml:74:13-59
77            android:label="@string/app_name"
77-->qianrushi\CySmart_Android_1.3.0.139_Source_Code\AndroidManifest.xml:75:13-45
78            android:theme="@style/AppTheme.NoActionBar" >
78-->qianrushi\CySmart_Android_1.3.0.139_Source_Code\AndroidManifest.xml:76:13-56
79            <intent-filter>
79-->qianrushi\CySmart_Android_1.3.0.139_Source_Code\AndroidManifest.xml:77:13-82:29
80                <action android:name="android.intent.action.MAIN" />
80-->qianrushi\CySmart_Android_1.3.0.139_Source_Code\AndroidManifest.xml:78:17-69
80-->qianrushi\CySmart_Android_1.3.0.139_Source_Code\AndroidManifest.xml:78:25-66
81
82                <category android:name="android.intent.category.LAUNCHER" />
82-->qianrushi\CySmart_Android_1.3.0.139_Source_Code\AndroidManifest.xml:80:17-77
82-->qianrushi\CySmart_Android_1.3.0.139_Source_Code\AndroidManifest.xml:80:27-74
83            </intent-filter>
84        </activity>
85        <activity
85-->qianrushi\CySmart_Android_1.3.0.139_Source_Code\AndroidManifest.xml:85:9-88:20
86            android:name="com.cypress.cysmart.OtherFunctionsActivity"
86-->qianrushi\CySmart_Android_1.3.0.139_Source_Code\AndroidManifest.xml:85:19-57
87            android:label="Other Functions"
87-->qianrushi\CySmart_Android_1.3.0.139_Source_Code\AndroidManifest.xml:86:13-44
88            android:theme="@style/AppTheme" >
88-->qianrushi\CySmart_Android_1.3.0.139_Source_Code\AndroidManifest.xml:87:13-44
89        </activity>
90
91        <!--
92        NOTE: android:launchMode changed from "singleTask" to "standard" to allow creation of new instances of HPA (instead of reusing existing ones)
93        for startActivity with flags Intent.FLAG_ACTIVITY_CLEAR_TOP | Intent.FLAG_ACTIVITY_NEW_TASK
94        -->
95        <activity
95-->qianrushi\CySmart_Android_1.3.0.139_Source_Code\AndroidManifest.xml:92:9-158:20
96            android:name="com.cypress.cysmart.HomePageActivity"
96-->qianrushi\CySmart_Android_1.3.0.139_Source_Code\AndroidManifest.xml:93:13-64
97            android:configChanges="orientation|screenSize"
97-->qianrushi\CySmart_Android_1.3.0.139_Source_Code\AndroidManifest.xml:94:13-59
98            android:launchMode="standard"
98-->qianrushi\CySmart_Android_1.3.0.139_Source_Code\AndroidManifest.xml:95:13-42
99            android:theme="@style/AppTheme"
99-->qianrushi\CySmart_Android_1.3.0.139_Source_Code\AndroidManifest.xml:96:13-44
100            android:windowSoftInputMode="adjustPan" >
100-->qianrushi\CySmart_Android_1.3.0.139_Source_Code\AndroidManifest.xml:97:13-52
101            <meta-data
101-->qianrushi\CySmart_Android_1.3.0.139_Source_Code\AndroidManifest.xml:98:13-100:64
102                android:name="android.app.searchable"
102-->qianrushi\CySmart_Android_1.3.0.139_Source_Code\AndroidManifest.xml:99:17-54
103                android:resource="@xml/searchable" />
103-->qianrushi\CySmart_Android_1.3.0.139_Source_Code\AndroidManifest.xml:100:17-51
104            <!-- For email attachments -->
105            <intent-filter>
105-->qianrushi\CySmart_Android_1.3.0.139_Source_Code\AndroidManifest.xml:102:13-109:29
106                <action android:name="android.intent.action.VIEW" />
106-->qianrushi\CySmart_Android_1.3.0.139_Source_Code\AndroidManifest.xml:103:17-69
106-->qianrushi\CySmart_Android_1.3.0.139_Source_Code\AndroidManifest.xml:103:25-66
107
108                <category android:name="android.intent.category.DEFAULT" />
108-->qianrushi\CySmart_Android_1.3.0.139_Source_Code\AndroidManifest.xml:104:17-76
108-->qianrushi\CySmart_Android_1.3.0.139_Source_Code\AndroidManifest.xml:104:27-73
109
110                <data
110-->qianrushi\CySmart_Android_1.3.0.139_Source_Code\AndroidManifest.xml:105:17-108:48
111                    android:mimeType="application/octet-stream"
111-->qianrushi\CySmart_Android_1.3.0.139_Source_Code\AndroidManifest.xml:106:21-64
112                    android:pathPattern=".*\\.cyacd"
112-->qianrushi\CySmart_Android_1.3.0.139_Source_Code\AndroidManifest.xml:107:21-53
113                    android:scheme="content" />
113-->qianrushi\CySmart_Android_1.3.0.139_Source_Code\AndroidManifest.xml:108:21-45
114            </intent-filter>
115            <intent-filter>
115-->qianrushi\CySmart_Android_1.3.0.139_Source_Code\AndroidManifest.xml:110:13-117:29
116                <action android:name="android.intent.action.VIEW" />
116-->qianrushi\CySmart_Android_1.3.0.139_Source_Code\AndroidManifest.xml:103:17-69
116-->qianrushi\CySmart_Android_1.3.0.139_Source_Code\AndroidManifest.xml:103:25-66
117
118                <category android:name="android.intent.category.DEFAULT" />
118-->qianrushi\CySmart_Android_1.3.0.139_Source_Code\AndroidManifest.xml:104:17-76
118-->qianrushi\CySmart_Android_1.3.0.139_Source_Code\AndroidManifest.xml:104:27-73
119
120                <data
120-->qianrushi\CySmart_Android_1.3.0.139_Source_Code\AndroidManifest.xml:105:17-108:48
121                    android:mimeType="application/octet-stream"
121-->qianrushi\CySmart_Android_1.3.0.139_Source_Code\AndroidManifest.xml:106:21-64
122                    android:pathPattern=".*\\.cyacd2"
122-->qianrushi\CySmart_Android_1.3.0.139_Source_Code\AndroidManifest.xml:107:21-53
123                    android:scheme="content" />
123-->qianrushi\CySmart_Android_1.3.0.139_Source_Code\AndroidManifest.xml:108:21-45
124            </intent-filter>
125            <!-- For file browsers -->
126            <intent-filter>
126-->qianrushi\CySmart_Android_1.3.0.139_Source_Code\AndroidManifest.xml:119:13-127:29
127                <action android:name="android.intent.action.VIEW" />
127-->qianrushi\CySmart_Android_1.3.0.139_Source_Code\AndroidManifest.xml:103:17-69
127-->qianrushi\CySmart_Android_1.3.0.139_Source_Code\AndroidManifest.xml:103:25-66
128
129                <category android:name="android.intent.category.DEFAULT" />
129-->qianrushi\CySmart_Android_1.3.0.139_Source_Code\AndroidManifest.xml:104:17-76
129-->qianrushi\CySmart_Android_1.3.0.139_Source_Code\AndroidManifest.xml:104:27-73
130
131                <data
131-->qianrushi\CySmart_Android_1.3.0.139_Source_Code\AndroidManifest.xml:105:17-108:48
132                    android:host="*"
132-->qianrushi\CySmart_Android_1.3.0.139_Source_Code\AndroidManifest.xml:123:21-37
133                    android:mimeType="*/*"
133-->qianrushi\CySmart_Android_1.3.0.139_Source_Code\AndroidManifest.xml:106:21-64
134                    android:pathPattern=".*\\.cyacd"
134-->qianrushi\CySmart_Android_1.3.0.139_Source_Code\AndroidManifest.xml:107:21-53
135                    android:scheme="file" />
135-->qianrushi\CySmart_Android_1.3.0.139_Source_Code\AndroidManifest.xml:108:21-45
136            </intent-filter>
137            <intent-filter>
137-->qianrushi\CySmart_Android_1.3.0.139_Source_Code\AndroidManifest.xml:128:13-136:29
138                <action android:name="android.intent.action.VIEW" />
138-->qianrushi\CySmart_Android_1.3.0.139_Source_Code\AndroidManifest.xml:103:17-69
138-->qianrushi\CySmart_Android_1.3.0.139_Source_Code\AndroidManifest.xml:103:25-66
139
140                <category android:name="android.intent.category.DEFAULT" />
140-->qianrushi\CySmart_Android_1.3.0.139_Source_Code\AndroidManifest.xml:104:17-76
140-->qianrushi\CySmart_Android_1.3.0.139_Source_Code\AndroidManifest.xml:104:27-73
141
142                <data
142-->qianrushi\CySmart_Android_1.3.0.139_Source_Code\AndroidManifest.xml:105:17-108:48
143                    android:host="*"
143-->qianrushi\CySmart_Android_1.3.0.139_Source_Code\AndroidManifest.xml:123:21-37
144                    android:mimeType="*/*"
144-->qianrushi\CySmart_Android_1.3.0.139_Source_Code\AndroidManifest.xml:106:21-64
145                    android:pathPattern=".*\\.cyacd2"
145-->qianrushi\CySmart_Android_1.3.0.139_Source_Code\AndroidManifest.xml:107:21-53
146                    android:scheme="file" />
146-->qianrushi\CySmart_Android_1.3.0.139_Source_Code\AndroidManifest.xml:108:21-45
147            </intent-filter>
148            <!-- For web browsers -->
149            <intent-filter>
149-->qianrushi\CySmart_Android_1.3.0.139_Source_Code\AndroidManifest.xml:138:13-147:29
150                <action android:name="android.intent.action.VIEW" />
150-->qianrushi\CySmart_Android_1.3.0.139_Source_Code\AndroidManifest.xml:103:17-69
150-->qianrushi\CySmart_Android_1.3.0.139_Source_Code\AndroidManifest.xml:103:25-66
151
152                <category android:name="android.intent.category.BROWSABLE" />
152-->qianrushi\CySmart_Android_1.3.0.139_Source_Code\AndroidManifest.xml:141:17-78
152-->qianrushi\CySmart_Android_1.3.0.139_Source_Code\AndroidManifest.xml:141:27-75
153                <category android:name="android.intent.category.DEFAULT" />
153-->qianrushi\CySmart_Android_1.3.0.139_Source_Code\AndroidManifest.xml:104:17-76
153-->qianrushi\CySmart_Android_1.3.0.139_Source_Code\AndroidManifest.xml:104:27-73
154
155                <data android:scheme="http" />
155-->qianrushi\CySmart_Android_1.3.0.139_Source_Code\AndroidManifest.xml:105:17-108:48
155-->qianrushi\CySmart_Android_1.3.0.139_Source_Code\AndroidManifest.xml:108:21-45
156                <data android:host="*" />
156-->qianrushi\CySmart_Android_1.3.0.139_Source_Code\AndroidManifest.xml:105:17-108:48
156-->qianrushi\CySmart_Android_1.3.0.139_Source_Code\AndroidManifest.xml:123:21-37
157                <data android:pathPattern=".*\\.cyacd" />
157-->qianrushi\CySmart_Android_1.3.0.139_Source_Code\AndroidManifest.xml:105:17-108:48
157-->qianrushi\CySmart_Android_1.3.0.139_Source_Code\AndroidManifest.xml:107:21-53
158            </intent-filter>
159            <intent-filter>
159-->qianrushi\CySmart_Android_1.3.0.139_Source_Code\AndroidManifest.xml:148:13-157:29
160                <action android:name="android.intent.action.VIEW" />
160-->qianrushi\CySmart_Android_1.3.0.139_Source_Code\AndroidManifest.xml:103:17-69
160-->qianrushi\CySmart_Android_1.3.0.139_Source_Code\AndroidManifest.xml:103:25-66
161
162                <category android:name="android.intent.category.BROWSABLE" />
162-->qianrushi\CySmart_Android_1.3.0.139_Source_Code\AndroidManifest.xml:141:17-78
162-->qianrushi\CySmart_Android_1.3.0.139_Source_Code\AndroidManifest.xml:141:27-75
163                <category android:name="android.intent.category.DEFAULT" />
163-->qianrushi\CySmart_Android_1.3.0.139_Source_Code\AndroidManifest.xml:104:17-76
163-->qianrushi\CySmart_Android_1.3.0.139_Source_Code\AndroidManifest.xml:104:27-73
164
165                <data android:scheme="http" />
165-->qianrushi\CySmart_Android_1.3.0.139_Source_Code\AndroidManifest.xml:105:17-108:48
165-->qianrushi\CySmart_Android_1.3.0.139_Source_Code\AndroidManifest.xml:108:21-45
166                <data android:host="*" />
166-->qianrushi\CySmart_Android_1.3.0.139_Source_Code\AndroidManifest.xml:105:17-108:48
166-->qianrushi\CySmart_Android_1.3.0.139_Source_Code\AndroidManifest.xml:123:21-37
167                <data android:pathPattern=".*\\.cyacd2" />
167-->qianrushi\CySmart_Android_1.3.0.139_Source_Code\AndroidManifest.xml:105:17-108:48
167-->qianrushi\CySmart_Android_1.3.0.139_Source_Code\AndroidManifest.xml:107:21-53
168            </intent-filter>
169        </activity>
170        <activity
170-->qianrushi\CySmart_Android_1.3.0.139_Source_Code\AndroidManifest.xml:160:9-167:20
171            android:name="com.cypress.cysmart.OTAFirmwareUpdate.OTAFilesListingActivity"
171-->qianrushi\CySmart_Android_1.3.0.139_Source_Code\AndroidManifest.xml:161:13-70
172            android:configChanges="orientation|screenSize"
172-->qianrushi\CySmart_Android_1.3.0.139_Source_Code\AndroidManifest.xml:162:13-59
173            android:parentActivityName="com.cypress.cysmart.HomePageActivity"
173-->qianrushi\CySmart_Android_1.3.0.139_Source_Code\AndroidManifest.xml:163:13-59
174            android:theme="@style/AppTheme.NoActionBar"
174-->qianrushi\CySmart_Android_1.3.0.139_Source_Code\AndroidManifest.xml:164:13-56
175            android:windowSoftInputMode="adjustPan" >
175-->qianrushi\CySmart_Android_1.3.0.139_Source_Code\AndroidManifest.xml:165:13-52
176        </activity>
177        <activity
177-->qianrushi\CySmart_Android_1.3.0.139_Source_Code\AndroidManifest.xml:168:9-175:20
178            android:name="com.cypress.cysmart.DataLoggerFragments.DataLoggerHistoryList"
178-->qianrushi\CySmart_Android_1.3.0.139_Source_Code\AndroidManifest.xml:169:13-70
179            android:configChanges="orientation|screenSize"
179-->qianrushi\CySmart_Android_1.3.0.139_Source_Code\AndroidManifest.xml:170:13-59
180            android:parentActivityName="com.cypress.cysmart.HomePageActivity"
180-->qianrushi\CySmart_Android_1.3.0.139_Source_Code\AndroidManifest.xml:171:13-59
181            android:theme="@style/AppTheme.NoActionBar"
181-->qianrushi\CySmart_Android_1.3.0.139_Source_Code\AndroidManifest.xml:172:13-56
182            android:windowSoftInputMode="adjustPan" >
182-->qianrushi\CySmart_Android_1.3.0.139_Source_Code\AndroidManifest.xml:173:13-52
183        </activity>
184
185        <provider
185-->qianrushi\CySmart_Android_1.3.0.139_Source_Code\AndroidManifest.xml:177:9-185:20
186            android:name="androidx.core.content.FileProvider"
186-->qianrushi\CySmart_Android_1.3.0.139_Source_Code\AndroidManifest.xml:178:13-62
187            android:authorities="@string/authority_fileprovider"
187-->qianrushi\CySmart_Android_1.3.0.139_Source_Code\AndroidManifest.xml:179:13-65
188            android:exported="false"
188-->qianrushi\CySmart_Android_1.3.0.139_Source_Code\AndroidManifest.xml:180:13-37
189            android:grantUriPermissions="true" >
189-->qianrushi\CySmart_Android_1.3.0.139_Source_Code\AndroidManifest.xml:181:13-47
190            <meta-data
190-->qianrushi\CySmart_Android_1.3.0.139_Source_Code\AndroidManifest.xml:182:13-184:53
191                android:name="android.support.FILE_PROVIDER_PATHS"
191-->qianrushi\CySmart_Android_1.3.0.139_Source_Code\AndroidManifest.xml:183:17-67
192                android:resource="@xml/filepaths" />
192-->qianrushi\CySmart_Android_1.3.0.139_Source_Code\AndroidManifest.xml:184:17-50
193        </provider>
194    </application>
195
196</manifest>